[1728:15420:0927/194140.891:WARNING:chrome_main_delegate.cc(747)] This is Chrome version 129.0.6668.70 (not a warning)
[1728:15420:0927/194141.013:INFO:chrome_browser_cloud_management_controller.cc(196)] No machine level policy manager exists.
[1728:14536:0927/194141.343:WARNING:leveldb_database.cc(141)] Unable to open D:\Projects\fakenewsanalyzer\profile\wpp\Default\shared_proto_db\metadata: IO error: D:\Projects\fakenewsanalyzer\profile\wpp\Default\shared_proto_db\metadata/MANIFEST-000001: Unable to create sequential file (ChromeMethodBFE: 7::NewSequentialFile::1)
[1728:14536:0927/194141.343:WARNING:leveldb_database.cc(141)] Unable to open D:\Projects\fakenewsanalyzer\profile\wpp\Default\shared_proto_db\metadata: IO error: D:\Projects\fakenewsanalyzer\profile\wpp\Default\shared_proto_db\metadata/MANIFEST-000001: Unable to create sequential file (ChromeMethodBFE: 7::NewSequentialFile::1)
[1728:14536:0927/194141.348:WARNING:leveldb_database.cc(141)] Unable to open D:\Projects\fakenewsanalyzer\profile\wpp\Default\shared_proto_db\metadata: IO error: D:\Projects\fakenewsanalyzer\profile\wpp\Default\shared_proto_db\metadata/MANIFEST-000001: Unable to create sequential file (ChromeMethodBFE: 7::NewSequentialFile::1)
[1728:14536:0927/194141.352:WARNING:leveldb_database.cc(141)] Unable to open D:\Projects\fakenewsanalyzer\profile\wpp\Default\shared_proto_db\metadata: IO error: D:\Projects\fakenewsanalyzer\profile\wpp\Default\shared_proto_db\metadata/MANIFEST-000001: Unable to create sequential file (ChromeMethodBFE: 7::NewSequentialFile::1)
[1728:8968:0927/194141.448:WARNING:value_store_frontend.cc(47)] Reading ahfgeienlihckogmohjhadlkjgocpleb.alarms from  failed: IO error: .../MANIFEST-000001: Unable to create sequential file (ChromeMethodBFE: 7::NewSequentialFile::1)
[1728:8968:0927/194141.459:WARNING:value_store_frontend.cc(47)] Reading mhjfbmdgcfjbbpaeojofohoefgiehjai.alarms from  failed: IO error: .../MANIFEST-000001: Unable to create sequential file (ChromeMethodBFE: 7::NewSequentialFile::1)
[13936:7544:0927/194141.601:WARNING:viz_main_impl.cc(85)] VizNullHypothesis is disabled (not a warning)
[1728:15420:0927/194142.404:INFO:CONSOLE(123)] "Event handler of 'x-storagemutated-1' event must be added on the initial evaluation of worker script.", source: https://static.whatsapp.net/rsrc.php/v3/yp/r/cIZBpU3tgxc.js?_nc_x=Ij3Wp8lg5Kz (123)
[1728:15420:0927/194144.270:INFO:CONSOLE(343)] "WAWebLoggerWorker initialized", source: https://static.whatsapp.net/rsrc.php/v3/yG/r/BWINN-gp6kJ.js?_nc_x=Ij3Wp8lg5Kz (343)
[1728:15420:0927/194144.627:INFO:CONSOLE(343)] "[storage] start setSchemaVersions from fts worker interface", source: https://static.whatsapp.net/rsrc.php/v3/yG/r/BWINN-gp6kJ.js?_nc_x=Ij3Wp8lg5Kz (343)
[1728:15420:0927/194144.627:INFO:CONSOLE(343)] "[storage] set schema versions: [model-storage,159,fts-storage,8,jobs-storage,1,lru-media-storage-idb,2,offd-storage,4,qpl-storage,0,signal-storage,6,worker-storage,1,sw,2,wawc,14,wawc_db_enc,2]. is worker? true", source: https://static.whatsapp.net/rsrc.php/v3/yG/r/BWINN-gp6kJ.js?_nc_x=Ij3Wp8lg5Kz (343)
[1728:15420:0927/194149.390:INFO:CONSOLE(343)] "FTS:Delegate: start indexer", source: https://static.whatsapp.net/rsrc.php/v3/yG/r/BWINN-gp6kJ.js?_nc_x=Ij3Wp8lg5Kz (343)
[1728:15420:0927/194149.390:INFO:CONSOLE(343)] "FTS:Delegate: start perform init", source: https://static.whatsapp.net/rsrc.php/v3/yG/r/BWINN-gp6kJ.js?_nc_x=Ij3Wp8lg5Kz (343)
[1728:15420:0927/194149.390:INFO:CONSOLE(343)] "FTS:Delegate: schema versions ready", source: https://static.whatsapp.net/rsrc.php/v3/yG/r/BWINN-gp6kJ.js?_nc_x=Ij3Wp8lg5Kz (343)
[1728:15420:0927/194149.390:INFO:CONSOLE(343)] "FTS:Delegate: before db initialization", source: https://static.whatsapp.net/rsrc.php/v3/yG/r/BWINN-gp6kJ.js?_nc_x=Ij3Wp8lg5Kz (343)
[1728:15420:0927/194149.390:INFO:CONSOLE(343)] "[storage] applying schema versions from [0 to 8] for the database: 'fts-storage'", source: https://static.whatsapp.net/rsrc.php/v3/yG/r/BWINN-gp6kJ.js?_nc_x=Ij3Wp8lg5Kz (343)
[1728:15420:0927/194149.431:INFO:CONSOLE(343)] "[storage] applying schema versions from [0 to 159] for the database: 'model-storage'", source: https://static.whatsapp.net/rsrc.php/v3/yG/r/BWINN-gp6kJ.js?_nc_x=Ij3Wp8lg5Kz (343)
[1728:15420:0927/194152.382:INFO:CONSOLE(343)] "FTS:Delegate: after db initialization", source: https://static.whatsapp.net/rsrc.php/v3/yG/r/BWINN-gp6kJ.js?_nc_x=Ij3Wp8lg5Kz (343)
[1728:15420:0927/194152.392:INFO:CONSOLE(343)] "FTS:Manifest Writer: No changes made, current:['3.1', '1'], latest:['3.1', '1']", source: https://static.whatsapp.net/rsrc.php/v3/yG/r/BWINN-gp6kJ.js?_nc_x=Ij3Wp8lg5Kz (343)
[1728:15420:0927/194152.392:INFO:CONSOLE(343)] "FTS:Delegate: Inited", source: https://static.whatsapp.net/rsrc.php/v3/yG/r/BWINN-gp6kJ.js?_nc_x=Ij3Wp8lg5Kz (343)
[1728:15420:0927/194152.392:INFO:CONSOLE(343)] "FTS:Delegate: Init indexing ops", source: https://static.whatsapp.net/rsrc.php/v3/yG/r/BWINN-gp6kJ.js?_nc_x=Ij3Wp8lg5Kz (343)
[1728:15420:0927/194152.397:INFO:CONSOLE(343)] "FTS:Indexer:indexQueuedBatch: Starting new batch size : 1000", source: https://static.whatsapp.net/rsrc.php/v3/yG/r/BWINN-gp6kJ.js?_nc_x=Ij3Wp8lg5Kz (343)
[1728:15420:0927/194152.397:INFO:CONSOLE(343)] "FTS:Indexer:indexQueuedBatch: Completed", source: https://static.whatsapp.net/rsrc.php/v3/yG/r/BWINN-gp6kJ.js?_nc_x=Ij3Wp8lg5Kz (343)
[1728:15420:0927/194155.306:INFO:CONSOLE(123)] "Event handler of 'x-storagemutated-1' event must be added on the initial evaluation of worker script.", source: https://static.whatsapp.net/rsrc.php/v3/yp/r/cIZBpU3tgxc.js?_nc_x=Ij3Wp8lg5Kz (123)
[14872:22796:0927/194341.884:WARNING:viz_main_impl.cc(85)] VizNullHypothesis is disabled (not a warning)
[7160:3408:0927/194417.582:WARNING:sqlite_persistent_store_backend_base.cc(198)] Failed to post task from FlushAndNotifyInBackground@net\extras\sqlite\sqlite_persistent_store_backend_base.cc:248 to client_task_runner_.
[7160:5788:0927/194417.590:WARNING:sqlite_persistent_store_backend_base.cc(198)] Failed to post task from FlushAndNotifyInBackground@net\extras\sqlite\sqlite_persistent_store_backend_base.cc:248 to client_task_runner_.
[7160:5788:0927/194417.590:WARNING:sqlite_persistent_store_backend_base.cc(198)] Failed to post task from FlushAndNotifyInBackground@net\extras\sqlite\sqlite_persistent_store_backend_base.cc:248 to client_task_runner_.
